<?xml version="1.0" encoding="UTF-8"?>
<testsuites>
  <testsuite name="fastlane.lanes">
    
    
    
      
      <testcase classname="fastlane.lanes" name="0: default_platform" time="0.0019859">
        
      </testcase>
    
      
      <testcase classname="fastlane.lanes" name="1: assembleReleaserelease" time="360.1379218">
        
          <failure message="C:/Users/harsh/.local/share/gem/ruby/3.4.0/gems/fastlane-2.226.0/fastlane/lib/fastlane/actions/actions_helper.rb:67:in &apos;Fastlane::Actions.execute_action&apos;&#10;C:/Users/harsh/.local/share/gem/ruby/3.4.0/gems/fastlane-2.226.0/fastlane/lib/fastlane/runner.rb:255:in &apos;block in Fastlane::Runner#execute_action&apos;&#10;C:/Users/harsh/.local/share/gem/ruby/3.4.0/gems/fastlane-2.226.0/fastlane/lib/fastlane/runner.rb:229:in &apos;Dir.chdir&apos;&#10;C:/Users/harsh/.local/share/gem/ruby/3.4.0/gems/fastlane-2.226.0/fastlane/lib/fastlane/runner.rb:229:in &apos;Fastlane::Runner#execute_action&apos;&#10;C:/Users/harsh/.local/share/gem/ruby/3.4.0/gems/fastlane-2.226.0/fastlane/lib/fastlane/runner.rb:157:in &apos;Fastlane::Runner#trigger_action_by_name&apos;&#10;C:/Users/harsh/.local/share/gem/ruby/3.4.0/gems/fastlane-2.226.0/fastlane/lib/fastlane/fast_file.rb:159:in &apos;Fastlane::FastFile#method_missing&apos;&#10;Fastfile:46:in &apos;block (2 levels) in Fastlane::FastFile#parsing_binding&apos;&#10;C:/Users/harsh/.local/share/gem/ruby/3.4.0/gems/fastlane-2.226.0/fastlane/lib/fastlane/lane.rb:41:in &apos;Fastlane::Lane#call&apos;&#10;C:/Users/harsh/.local/share/gem/ruby/3.4.0/gems/fastlane-2.226.0/fastlane/lib/fastlane/runner.rb:49:in &apos;block in Fastlane::Runner#execute&apos;&#10;C:/Users/harsh/.local/share/gem/ruby/3.4.0/gems/fastlane-2.226.0/fastlane/lib/fastlane/runner.rb:45:in &apos;Dir.chdir&apos;&#10;C:/Users/harsh/.local/share/gem/ruby/3.4.0/gems/fastlane-2.226.0/fastlane/lib/fastlane/runner.rb:45:in &apos;Fastlane::Runner#execute&apos;&#10;C:/Users/harsh/.local/share/gem/ruby/3.4.0/gems/fastlane-2.226.0/fastlane/lib/fastlane/lane_manager.rb:46:in &apos;Fastlane::LaneManager.cruise_lane&apos;&#10;C:/Users/harsh/.local/share/gem/ruby/3.4.0/gems/fastlane-2.226.0/fastlane/lib/fastlane/command_line_handler.rb:34:in &apos;Fastlane::CommandLineHandler.handle&apos;&#10;C:/Users/harsh/.local/share/gem/ruby/3.4.0/gems/fastlane-2.226.0/fastlane/lib/fastlane/commands_generator.rb:110:in &apos;block (2 levels) in Fastlane::CommandsGenerator#run&apos;&#10;C:/Users/harsh/.local/share/gem/ruby/3.4.0/gems/commander-4.6.0/lib/commander/command.rb:187:in &apos;Commander::Command#call&apos;&#10;C:/Users/harsh/.local/share/gem/ruby/3.4.0/gems/commander-4.6.0/lib/commander/command.rb:157:in &apos;Commander::Command#run&apos;&#10;C:/Users/harsh/.local/share/gem/ruby/3.4.0/gems/commander-4.6.0/lib/commander/runner.rb:444:in &apos;Commander::Runner#run_active_command&apos;&#10;C:/Users/harsh/.local/share/gem/ruby/3.4.0/gems/fastlane-2.226.0/fastlane_core/lib/fastlane_core/ui/fastlane_runner.rb:124:in &apos;Commander::Runner#run!&apos;&#10;C:/Users/harsh/.local/share/gem/ruby/3.4.0/gems/commander-4.6.0/lib/commander/delegates.rb:18:in &apos;Commander::Delegates#run!&apos;&#10;C:/Users/harsh/.local/share/gem/ruby/3.4.0/gems/fastlane-2.226.0/fastlane/lib/fastlane/commands_generator.rb:363:in &apos;Fastlane::CommandsGenerator#run&apos;&#10;C:/Users/harsh/.local/share/gem/ruby/3.4.0/gems/fastlane-2.226.0/fastlane/lib/fastlane/commands_generator.rb:43:in &apos;Fastlane::CommandsGenerator.start&apos;&#10;C:/Users/harsh/.local/share/gem/ruby/3.4.0/gems/fastlane-2.226.0/fastlane/lib/fastlane/cli_tools_distributor.rb:123:in &apos;Fastlane::CLIToolsDistributor.take_off&apos;&#10;C:/Users/harsh/.local/share/gem/ruby/3.4.0/gems/fastlane-2.226.0/bin/fastlane:23:in &apos;&lt;top (required)&gt;&apos;&#10;C:/Users/harsh/AppData/Local/Microsoft/WindowsApps/fastlane:36:in &apos;Kernel#load&apos;&#10;C:/Users/harsh/AppData/Local/Microsoft/WindowsApps/fastlane:36:in &apos;&lt;main&gt;&apos;&#10;&#10;Exit status of command &apos;C:/Users/harsh/Desktop/Projects/mobile_task_harsh/WhiteLabelApp/android/gradlew assembleReleaserelease -p .&apos; was 1 instead of 0.&#10;Downloading https://services.gradle.org/distributions/gradle-8.10.2-all.zip&#10;.....................10%......................20%......................30%.....................40%......................50%......................60%......................70%.....................80%......................90%......................100%&#10;&#10;Welcome to Gradle 8.10.2!&#10;&#10;Here are the highlights of this release:&#10; - Support for Java 23&#10; - Faster configuration cache&#10; - Better configuration cache reports&#10;&#10;For more details see https://docs.gradle.org/8.10.2/release-notes.html&#10;&#10;Starting a Gradle Daemon (subsequent builds will be faster)&#10;Invalid Java installation found at &apos;C:\Users\harsh\.gradle\.tmp\jdks\OpenJDK17U-jdk_x64_windows_hotspot_1713533665089050140847.tmp&apos; (provisioned toolchain) auto-detected auto-provisioned. It will be re-checked in the next build. This might have performance impact if it keeps failing. Run the &apos;javaToolchains&apos; task for more details.&#10;&gt; Task :gradle-plugin:settings-plugin:checkKotlinGradlePluginConfigurationErrors&#10;&gt; Task :gradle-plugin:shared:checkKotlinGradlePluginConfigurationErrors&#10;&gt; Task :gradle-plugin:shared:processResources NO-SOURCE&#10;&gt; Task :gradle-plugin:settings-plugin:pluginDescriptors&#10;&gt; Task :gradle-plugin:settings-plugin:processResources&#10;&gt; Task :gradle-plugin:shared:compileKotlin&#10;&gt; Task :gradle-plugin:shared:compileJava NO-SOURCE&#10;&gt; Task :gradle-plugin:shared:classes UP-TO-DATE&#10;&gt; Task :gradle-plugin:shared:jar&#10;&gt; Task :gradle-plugin:settings-plugin:compileKotlin&#10;&gt; Task :gradle-plugin:settings-plugin:compileJava NO-SOURCE&#10;&gt; Task :gradle-plugin:settings-plugin:classes&#10;&gt; Task :gradle-plugin:settings-plugin:jar&#10;&gt; Task :gradle-plugin:react-native-gradle-plugin:checkKotlinGradlePluginConfigurationErrors&#10;&gt; Task :gradle-plugin:react-native-gradle-plugin:pluginDescriptors&#10;&gt; Task :gradle-plugin:react-native-gradle-plugin:processResources&#10;&gt; Task :gradle-plugin:react-native-gradle-plugin:compileKotlin&#10;&gt; Task :gradle-plugin:react-native-gradle-plugin:compileJava NO-SOURCE&#10;&gt; Task :gradle-plugin:react-native-gradle-plugin:classes&#10;&gt; Task :gradle-plugin:react-native-gradle-plugin:jar&#10;&#10;FAILURE: Build failed with an exception.&#10;&#10;* Where:&#10;Build file &apos;C:\Users\harsh\Desktop\Projects\mobile_task_harsh\WhiteLabelApp\android\build.gradle&apos; line: 24&#10;&#10;* What went wrong:&#10;A problem occurred evaluating root project &apos;WhiteLabelApp&apos;.&#10;&gt; Failed to apply plugin &apos;com.facebook.react.rootproject&apos;.&#10;   &gt; A problem occurred configuring project &apos;:app&apos;.&#10;      &gt; SDK location not found. Define a valid SDK location with an ANDROID_HOME environment variable or by setting the sdk.dir path in your project&apos;s local properties file at &apos;C:\Users\harsh\Desktop\Projects\mobile_task_harsh\WhiteLabelApp\android\local.properties&apos;.&#10;&#10;* Try:&#10;&gt; Run with --stacktrace option to get the stack trace.&#10;&gt; Run with --info or --debug option to get more log output.&#10;&gt; Run with --scan to get full insights.&#10;&gt; Get more help at https://help.gradle.org.&#10;&#10;BUILD FAILED in 5m 59s&#10;13 actionable tasks: 13 executed&#10;" />
        
      </testcase>
    
  </testsuite>
</testsuites>
